<?xml version="1.0" encoding="UTF-8"?>
<Site BuildName="Win32-ninja"
	BuildStamp="20231105-0959-Experimental"
	Name="AlbertPCGAMER"
	Generator="ctest-3.27.7"
	CompilerName="C:/msys64/ucrt64/bin/g++.exe"
	CompilerVersion="13.2.0"
	OSName="Windows"
	Hostname="AlbertPCGAMER"
	OSRelease=" Professional"
	OSVersion=" (Build 22000)"
	OSPlatform="AMD64"
	Is64Bits="1"
	VendorString=""
	VendorID="Unknown Manufacturer"
	FamilyID="0"
	ModelID="0"
	ProcessorCacheSize="0"
	NumberOfLogicalCPU="12"
	NumberOfPhysicalCPU="6"
	TotalVirtualMemory="26052"
	TotalPhysicalMemory="16324"
	LogicalProcessorsPerPhysical="2"
	ProcessorClockFrequency="3696"
	>
	<Testing>
		<StartDateTime>Nov 05 15:30 Hora est[NON-UTF-8-BYTE-0xE1]ndar romance</StartDateTime>
		<StartTestTime>1699194637</StartTestTime>
		<TestList/>
		<EndDateTime>Nov 05 15:30 Hora est[NON-UTF-8-BYTE-0xE1]ndar romance</EndDateTime>
		<EndTestTime>1699194637</EndTestTime>
		<ElapsedMinutes>0</ElapsedMinutes>
	</Testing>
</Site>
